SF:lib/models/dog_breed_model.dart
DA:12,2
DA:14,1
DA:15,1
DA:17,0
DA:19,1
DA:20,4
LF:6
LH:5
end_of_record
SF:lib/models/dog_breed_model.g.dart
DA:9,1
DA:10,1
DA:11,1
DA:12,1
DA:13,1
DA:17,0
DA:18,0
DA:19,0
DA:20,0
LF:9
LH:5
end_of_record
SF:lib/screens/home/dog_info/dog_info.dart
DA:8,4
DA:10,2
DA:12,2
DA:14,2
DA:15,2
DA:16,2
DA:19,2
DA:20,2
DA:22,2
DA:23,2
DA:24,0
DA:25,0
DA:27,2
DA:28,5
DA:29,2
DA:30,2
DA:33,2
DA:34,5
DA:35,2
DA:41,2
DA:42,3
DA:43,1
DA:44,1
DA:46,3
DA:54,2
DA:55,3
DA:56,2
DA:57,2
DA:61,3
DA:62,0
DA:63,0
DA:66,0
DA:67,0
DA:72,0
LF:34
LH:27
end_of_record
SF:lib/core/network/d_dio.dart
DA:5,6
DA:15,2
DA:16,6
DA:18,6
DA:19,2
DA:20,2
DA:21,2
DA:22,2
DA:27,2
DA:28,6
DA:32,4
DA:36,0
DA:40,0
DA:44,1
DA:51,2
DA:60,0
DA:69,0
DA:80,0
DA:89,0
DA:100,0
DA:107,0
LF:21
LH:13
end_of_record
SF:lib/core/network/network_info.dart
DA:10,1
DA:12,1
DA:13,2
LF:3
LH:3
end_of_record
SF:lib/blocs/dog_breed_bloc.dart
DA:17,2
DA:18,4
DA:25,6
DA:29,2
DA:31,6
DA:33,2
DA:34,2
DA:38,2
DA:39,1
DA:40,3
DA:41,3
DA:43,3
DA:44,3
DA:46,1
DA:49,1
DA:51,3
DA:53,4
DA:57,0
DA:58,0
LF:19
LH:17
end_of_record
SF:lib/injection.dart
DA:11,3
DA:14,1
DA:15,3
DA:17,4
DA:19,2
DA:20,5
DA:22,2
DA:25,0
DA:26,0
DA:27,0
DA:28,0
LF:11
LH:7
end_of_record
SF:lib/injection.iconfig.dart
DA:11,1
DA:12,1
DA:16,1
DA:17,1
DA:18,2
LF:5
LH:5
end_of_record
SF:lib/screens/another_screen/another_screen.dart
DA:12,0
DA:14,0
DA:15,0
DA:16,0
DA:18,0
DA:19,0
DA:21,0
DA:22,0
DA:23,0
DA:24,0
DA:25,0
DA:26,0
DA:27,0
DA:28,0
LF:14
LH:0
end_of_record
SF:lib/screens/another_screen/dog_info_circle/dog_info_circle.dart
DA:7,0
DA:9,0
DA:11,0
DA:12,0
DA:13,0
DA:14,0
DA:15,0
DA:17,0
DA:18,0
DA:19,0
DA:22,0
DA:23,0
DA:29,0
DA:30,0
DA:31,0
DA:33,0
DA:35,0
DA:43,0
DA:44,0
DA:45,0
DA:46,0
LF:21
LH:0
end_of_record
SF:lib/screens/home/home.dart
DA:8,1
DA:9,1
DA:13,1
DA:15,1
DA:17,2
DA:18,3
DA:22,1
DA:24,1
DA:25,1
DA:26,1
DA:27,1
DA:29,1
DA:30,1
DA:31,1
DA:32,3
DA:33,1
DA:34,2
DA:37,1
DA:38,1
DA:39,3
DA:41,1
LF:21
LH:21
end_of_record
